Determining if the include file unistd.h exists failed with the following output:
Change Dir: C:/Users/dmccloskey/Documents/GitHub/SmartPeak/smartpeak_build/CMakeFiles/CMakeTmp

Run Build Command(s):C:/Program Files (x86)/Microsoft Visual Studio/2019/Community/MSBuild/Current/Bin/MSBuild.exe cmTC_328ca.vcxproj /p:Configuration=Debug /p:Platform=x64 /p:VisualStudioVersion=16.0 /v:m && Microsoft (R) Build Engine version 16.8.1+bd2ea1e3c for .NET Framework
Copyright (C) Microsoft Corporation. All rights reserved.

  Microsoft (R) C/C++ Optimizing Compiler Version 19.28.29333 for x64
  Copyright (C) Microsoft Corporation.  All rights reserved.
  CheckIncludeFile.cxx
  cl /c /Zi /W3 /WX- /diagnostics:column /Od /Ob0 /D WIN32 /D _WINDOWS /D "CMAKE_INTDIR=\"Debug\"" /D _MBCS /Gm- /EHsc /RTC1 /MDd /GS /fp:precise /Zc:wchar_t /Zc:forScope /Zc:inline /GR /openmp /Fo"cmTC_328ca.dir\Debug\\" /Fd"cmTC_328ca.dir\Debug\vc142.pdb" /Gd /TP /wd4251 /wd4275 /wd4996 /wd4661 /wd4503 /wd4068 /errorReport:queue C:\Users\dmccloskey\Documents\GitHub\SmartPeak\smartpeak_build\CMakeFiles\CMakeTmp\CheckIncludeFile.cxx
C:\Users\dmccloskey\Documents\GitHub\SmartPeak\smartpeak_build\CMakeFiles\CMakeTmp\CheckIncludeFile.cxx(1,10): fatal error C1083: Cannot open include file: 'unistd.h': No such file or directory [C:\Users\dmccloskey\Documents\GitHub\SmartPeak\smartpeak_build\CMakeFiles\CMakeTmp\cmTC_328ca.vcxproj]



Determining if the include file sys/times.h exists failed with the following output:
Change Dir: C:/Users/dmccloskey/Documents/GitHub/SmartPeak/smartpeak_build/CMakeFiles/CMakeTmp

Run Build Command(s):C:/Program Files (x86)/Microsoft Visual Studio/2019/Community/MSBuild/Current/Bin/MSBuild.exe cmTC_f8da0.vcxproj /p:Configuration=Debug /p:Platform=x64 /p:VisualStudioVersion=16.0 /v:m && Microsoft (R) Build Engine version 16.8.1+bd2ea1e3c for .NET Framework
Copyright (C) Microsoft Corporation. All rights reserved.

  Microsoft (R) C/C++ Optimizing Compiler Version 19.28.29333 for x64
  Copyright (C) Microsoft Corporation.  All rights reserved.
  CheckIncludeFile.cxx
C:\Users\dmccloskey\Documents\GitHub\SmartPeak\smartpeak_build\CMakeFiles\CMakeTmp\CheckIncludeFile.cxx(1,10): fatal error C1083: Cannot open include file: 'sys/times.h': No such file or directory [C:\Users\dmccloskey\Documents\GitHub\SmartPeak\smartpeak_build\CMakeFiles\CMakeTmp\cmTC_f8da0.vcxproj]
  cl /c /Zi /W3 /WX- /diagnostics:column /Od /Ob0 /D WIN32 /D _WINDOWS /D "CMAKE_INTDIR=\"Debug\"" /D _MBCS /Gm- /EHsc /RTC1 /MDd /GS /fp:precise /Zc:wchar_t /Zc:forScope /Zc:inline /GR /openmp /Fo"cmTC_f8da0.dir\Debug\\" /Fd"cmTC_f8da0.dir\Debug\vc142.pdb" /Gd /TP /wd4251 /wd4275 /wd4996 /wd4661 /wd4503 /wd4068 /errorReport:queue C:\Users\dmccloskey\Documents\GitHub\SmartPeak\smartpeak_build\CMakeFiles\CMakeTmp\CheckIncludeFile.cxx



Determining if the include file sys/time.h exists failed with the following output:
Change Dir: C:/Users/dmccloskey/Documents/GitHub/SmartPeak/smartpeak_build/CMakeFiles/CMakeTmp

Run Build Command(s):C:/Program Files (x86)/Microsoft Visual Studio/2019/Community/MSBuild/Current/Bin/MSBuild.exe cmTC_97132.vcxproj /p:Configuration=Debug /p:Platform=x64 /p:VisualStudioVersion=16.0 /v:m && Microsoft (R) Build Engine version 16.8.1+bd2ea1e3c for .NET Framework
Copyright (C) Microsoft Corporation. All rights reserved.

  Microsoft (R) C/C++ Optimizing Compiler Version 19.28.29333 for x64
  Copyright (C) Microsoft Corporation.  All rights reserved.
  CheckIncludeFile.cxx
C:\Users\dmccloskey\Documents\GitHub\SmartPeak\smartpeak_build\CMakeFiles\CMakeTmp\CheckIncludeFile.cxx(1,10): fatal error C1083: Cannot open include file: 'sys/time.h': No such file or directory [C:\Users\dmccloskey\Documents\GitHub\SmartPeak\smartpeak_build\CMakeFiles\CMakeTmp\cmTC_97132.vcxproj]
  cl /c /Zi /W3 /WX- /diagnostics:column /Od /Ob0 /D WIN32 /D _WINDOWS /D "CMAKE_INTDIR=\"Debug\"" /D _MBCS /Gm- /EHsc /RTC1 /MDd /GS /fp:precise /Zc:wchar_t /Zc:forScope /Zc:inline /GR /openmp /Fo"cmTC_97132.dir\Debug\\" /Fd"cmTC_97132.dir\Debug\vc142.pdb" /Gd /TP /wd4251 /wd4275 /wd4996 /wd4661 /wd4503 /wd4068 /errorReport:queue C:\Users\dmccloskey\Documents\GitHub\SmartPeak\smartpeak_build\CMakeFiles\CMakeTmp\CheckIncludeFile.cxx



Determining if the function kill exists failed with the following output:
Change Dir: C:/Users/dmccloskey/Documents/GitHub/SmartPeak/smartpeak_build/CMakeFiles/CMakeTmp

Run Build Command(s):C:/Program Files (x86)/Microsoft Visual Studio/2019/Community/MSBuild/Current/Bin/MSBuild.exe cmTC_6ebd8.vcxproj /p:Configuration=Debug /p:Platform=x64 /p:VisualStudioVersion=16.0 /v:m && Microsoft (R) Build Engine version 16.8.1+bd2ea1e3c for .NET Framework
Copyright (C) Microsoft Corporation. All rights reserved.

  Microsoft (R) C/C++ Optimizing Compiler Version 19.28.29333 for x64
  Copyright (C) Microsoft Corporation.  All rights reserved.
  CheckFunctionExists.c
  cl /c /Zi /W3 /WX- /diagnostics:column /Od /Ob0 /D WIN32 /D _WINDOWS /D CHECK_FUNCTION_EXISTS=kill /D "CMAKE_INTDIR=\"Debug\"" /D _MBCS /Gm- /RTC1 /MDd /GS /fp:precise /Zc:wchar_t /Zc:forScope /Zc:inline /Fo"cmTC_6ebd8.dir\Debug\\" /Fd"cmTC_6ebd8.dir\Debug\vc142.pdb" /Gd /TC /errorReport:queue "C:\Program Files\CMake\share\cmake-3.17\Modules\CheckFunctionExists.c"
CheckFunctionExists.obj : error LNK2019: unresolved external symbol kill referenced in function main [C:\Users\dmccloskey\Documents\GitHub\SmartPeak\smartpeak_build\CMakeFiles\CMakeTmp\cmTC_6ebd8.vcxproj]
C:\Users\dmccloskey\Documents\GitHub\SmartPeak\smartpeak_build\CMakeFiles\CMakeTmp\Debug\cmTC_6ebd8.exe : fatal error LNK1120: 1 unresolved externals [C:\Users\dmccloskey\Documents\GitHub\SmartPeak\smartpeak_build\CMakeFiles\CMakeTmp\cmTC_6ebd8.vcxproj]



Determining if the function sysconf exists failed with the following output:
Change Dir: C:/Users/dmccloskey/Documents/GitHub/SmartPeak/smartpeak_build/CMakeFiles/CMakeTmp

Run Build Command(s):C:/Program Files (x86)/Microsoft Visual Studio/2019/Community/MSBuild/Current/Bin/MSBuild.exe cmTC_622dd.vcxproj /p:Configuration=Debug /p:Platform=x64 /p:VisualStudioVersion=16.0 /v:m && Microsoft (R) Build Engine version 16.8.1+bd2ea1e3c for .NET Framework
Copyright (C) Microsoft Corporation. All rights reserved.

  Microsoft (R) C/C++ Optimizing Compiler Version 19.28.29333 for x64
  Copyright (C) Microsoft Corporation.  All rights reserved.
  CheckFunctionExists.c
  cl /c /Zi /W3 /WX- /diagnostics:column /Od /Ob0 /D WIN32 /D _WINDOWS /D CHECK_FUNCTION_EXISTS=sysconf /D "CMAKE_INTDIR=\"Debug\"" /D _MBCS /Gm- /RTC1 /MDd /GS /fp:precise /Zc:wchar_t /Zc:forScope /Zc:inline /Fo"cmTC_622dd.dir\Debug\\" /Fd"cmTC_622dd.dir\Debug\vc142.pdb" /Gd /TC /errorReport:queue "C:\Program Files\CMake\share\cmake-3.17\Modules\CheckFunctionExists.c"
CheckFunctionExists.obj : error LNK2019: unresolved external symbol sysconf referenced in function main [C:\Users\dmccloskey\Documents\GitHub\SmartPeak\smartpeak_build\CMakeFiles\CMakeTmp\cmTC_622dd.vcxproj]
C:\Users\dmccloskey\Documents\GitHub\SmartPeak\smartpeak_build\CMakeFiles\CMakeTmp\Debug\cmTC_622dd.exe : fatal error LNK1120: 1 unresolved externals [C:\Users\dmccloskey\Documents\GitHub\SmartPeak\smartpeak_build\CMakeFiles\CMakeTmp\cmTC_622dd.vcxproj]



Performing C++ SOURCE FILE Test COMPILER_HAS_DEPRECATED_ATTR failed with the following output:
Change Dir: C:/Users/dmccloskey/Documents/GitHub/SmartPeak/smartpeak_build/CMakeFiles/CMakeTmp

Run Build Command(s):C:/Program Files (x86)/Microsoft Visual Studio/2019/Community/MSBuild/Current/Bin/MSBuild.exe cmTC_56525.vcxproj /p:Configuration=Debug /p:Platform=x64 /p:VisualStudioVersion=16.0 /v:m && Microsoft (R) Build Engine version 16.8.1+bd2ea1e3c for .NET Framework
Copyright (C) Microsoft Corporation. All rights reserved.

  Microsoft (R) C/C++ Optimizing Compiler Version 19.28.29333 for x64
  Copyright (C) Microsoft Corporation.  All rights reserved.
  src.cxx
C:\Users\dmccloskey\Documents\GitHub\SmartPeak\smartpeak_build\CMakeFiles\CMakeTmp\src.cxx(1,16): error C2065: '__deprecated__': undeclared identifier [C:\Users\dmccloskey\Documents\GitHub\SmartPeak\smartpeak_build\CMakeFiles\CMakeTmp\cmTC_56525.vcxproj]
C:\Users\dmccloskey\Documents\GitHub\SmartPeak\smartpeak_build\CMakeFiles\CMakeTmp\src.cxx(1,31): error C4430: missing type specifier - int assumed. Note: C++ does not support default-int [C:\Users\dmccloskey\Documents\GitHub\SmartPeak\smartpeak_build\CMakeFiles\CMakeTmp\cmTC_56525.vcxproj]
C:\Users\dmccloskey\Documents\GitHub\SmartPeak\smartpeak_build\CMakeFiles\CMakeTmp\src.cxx(1,37): error C2448: '__attribute__': function-style initializer appears to be a function definition [C:\Users\dmccloskey\Documents\GitHub\SmartPeak\smartpeak_build\CMakeFiles\CMakeTmp\cmTC_56525.vcxproj]
  cl /c /Z7 /W3 /WX- /diagnostics:column /Od /Ob0 /D WIN32 /D _WINDOWS /D COMPILER_HAS_DEPRECATED_ATTR /D "CMAKE_INTDIR=\"Debug\"" /D _MBCS /Gm- /EHsc /RTC1 /MDd /GS /fp:precise /Zc:wchar_t /Zc:forScope /Zc:inline /GR /openmp /std:c++14 /Fo"cmTC_56525.dir\Debug\\" /Fd"cmTC_56525.dir\Debug\vc142.pdb" /Gd /TP /wd4251 /wd4275 /wd4996 /wd4661 /wd4503 /wd4068 /errorReport:queue C:\Users\dmccloskey\Documents\GitHub\SmartPeak\smartpeak_build\CMakeFiles\CMakeTmp\src.cxx


Source file was:
__attribute__((__deprecated__)) int somefunc() { return 0; }
    int main() { return somefunc();}
